<?xml version="1.0" encoding="UTF-8"?>
<coverage generated="1744748027941" clover="3.2.0">
  <project timestamp="1744748027941" name="All files">
    <metrics statements="51" coveredstatements="41" conditionals="31" coveredconditionals="11" methods="13" coveredmethods="6" elements="95" coveredelements="58" complexity="0" loc="51" ncloc="51" packages="3" files="7" classes="7"/>
    <package name="components">
      <metrics statements="48" coveredstatements="38" conditionals="31" coveredconditionals="11" methods="13" coveredmethods="6"/>
      <file name="JobBoard.tsx" path="/Users/jpjuliao/Codes/job-board-react/src/components/JobBoard.tsx">
        <metrics statements="15" coveredstatements="11" conditionals="4" coveredconditionals="3" methods="5" coveredmethods="2"/>
        <line num="2" count="1" type="stmt"/>
        <line num="3" count="1" type="stmt"/>
        <line num="6" count="1" type="stmt"/>
        <line num="7" count="1" type="stmt"/>
        <line num="17" count="1" type="stmt"/>
        <line num="18" count="3" type="stmt"/>
        <line num="20" count="3" type="stmt"/>
        <line num="27" count="3" type="stmt"/>
        <line num="28" count="0" type="stmt"/>
        <line num="30" count="0" type="stmt"/>
        <line num="39" count="0" type="stmt"/>
        <line num="42" count="3" type="cond" truecount="1" falsecount="1"/>
        <line num="44" count="3" type="stmt"/>
        <line num="48" count="0" type="cond" truecount="2" falsecount="0"/>
        <line num="56" count="6" type="stmt"/>
      </file>
      <file name="JobCard.tsx" path="/Users/jpjuliao/Codes/job-board-react/src/components/JobCard.tsx">
        <metrics statements="4" coveredstatements="4" conditionals="0" coveredconditionals="0" methods="1" coveredmethods="1"/>
        <line num="2" count="1" type="stmt"/>
        <line num="3" count="1" type="stmt"/>
        <line num="12" count="1" type="stmt"/>
        <line num="13" count="6" type="stmt"/>
      </file>
      <file name="JobCardDialog.tsx" path="/Users/jpjuliao/Codes/job-board-react/src/components/JobCardDialog.tsx">
        <metrics statements="16" coveredstatements="10" conditionals="14" coveredconditionals="1" methods="5" coveredmethods="1"/>
        <line num="2" count="1" type="stmt"/>
        <line num="3" count="1" type="stmt"/>
        <line num="4" count="1" type="stmt"/>
        <line num="5" count="1" type="stmt"/>
        <line num="8" count="1" type="stmt"/>
        <line num="9" count="6" type="stmt"/>
        <line num="10" count="6" type="stmt"/>
        <line num="13" count="6" type="stmt"/>
        <line num="15" count="6" type="stmt"/>
        <line num="16" count="0" type="stmt"/>
        <line num="17" count="0" type="cond" truecount="0" falsecount="2"/>
        <line num="18" count="0" type="stmt"/>
        <line num="19" count="0" type="stmt"/>
        <line num="22" count="6" type="stmt"/>
        <line num="61" count="0" type="stmt"/>
        <line num="72" count="0" type="stmt"/>
      </file>
      <file name="JobForm.tsx" path="/Users/jpjuliao/Codes/job-board-react/src/components/JobForm.tsx">
        <metrics statements="6" coveredstatements="6" conditionals="13" coveredconditionals="7" methods="1" coveredmethods="1"/>
        <line num="1" count="1" type="stmt"/>
        <line num="2" count="1" type="stmt"/>
        <line num="3" count="1" type="stmt"/>
        <line num="14" count="1" type="cond" truecount="1" falsecount="0"/>
        <line num="19" count="3" type="stmt"/>
        <line num="24" count="3" type="stmt"/>
      </file>
      <file name="JobsContext.tsx" path="/Users/jpjuliao/Codes/job-board-react/src/components/JobsContext.tsx">
        <metrics statements="7" coveredstatements="7" conditionals="0" coveredconditionals="0" methods="1" coveredmethods="1"/>
        <line num="1" count="1" type="stmt"/>
        <line num="2" count="1" type="stmt"/>
        <line num="6" count="1" type="stmt"/>
        <line num="21" count="1" type="stmt"/>
        <line num="22" count="3" type="stmt"/>
        <line num="24" count="3" type="stmt"/>
        <line num="31" count="1" type="stmt"/>
      </file>
    </package>
    <package name="mocks">
      <metrics statements="1" coveredstatements="1" conditionals="0" coveredconditionals="0" methods="0" coveredmethods="0"/>
      <file name="jobs.ts" path="/Users/jpjuliao/Codes/job-board-react/src/mocks/jobs.ts">
        <metrics statements="1" coveredstatements="1" conditionals="0" coveredconditionals="0" methods="0" coveredmethods="0"/>
        <line num="1" count="1" type="stmt"/>
      </file>
    </package>
    <package name="schemas">
      <metrics statements="2" coveredstatements="2" conditionals="0" coveredconditionals="0" methods="0" coveredmethods="0"/>
      <file name="jobSchema.ts" path="/Users/jpjuliao/Codes/job-board-react/src/schemas/jobSchema.ts">
        <metrics statements="2" coveredstatements="2" conditionals="0" coveredconditionals="0" methods="0" coveredmethods="0"/>
        <line num="1" count="1" type="stmt"/>
        <line num="3" count="1" type="stmt"/>
      </file>
    </package>
  </project>
</coverage>
