{"/Users/jpjuliao/Codes/job-board-react/src/components/JobBoard.tsx": {"path":"/Users/jpjuliao/Codes/job-board-react/src/components/JobBoard.tsx","statementMap":{"0":{"start":{"line":18,"column":0},"end":{"line":18,"column":24}},"1":{"start":{"line":2,"column":0},"end":{"line":2,"column":31}},"2":{"start":{"line":3,"column":0},"end":{"line":3,"column":31}},"3":{"start":{"line":6,"column":0},"end":{"line":6,"column":52}},"4":{"start":{"line":7,"column":0},"end":{"line":7,"column":44}},"5":{"start":{"line":9,"column":0},"end":{"line":9,"column":35}},"6":{"start":{"line":19,"column":28},"end":{"line":19,"column":70}},"7":{"start":{"line":21,"column":48},"end":{"line":21,"column":77}},"8":{"start":{"line":28,"column":26},"end":{"line":41,"column":3}},"9":{"start":{"line":29,"column":4},"end":{"line":29,"column":40}},"10":{"start":{"line":31,"column":24},"end":{"line":38,"column":6}},"11":{"start":{"line":40,"column":4},"end":{"line":40,"column":31}},"12":{"start":{"line":43,"column":23},"end":{"line":43,"column":98}},"13":{"start":{"line":43,"column":62},"end":{"line":43,"column":90}},"14":{"start":{"line":45,"column":19},"end":{"line":51,"column":4}},"15":{"start":{"line":53,"column":2},"end":{"line":71,"column":null}},"16":{"start":{"line":59,"column":27},"end":{"line":59,"column":61}},"17":{"start":{"line":63,"column":10},"end":{"line":63,"column":32}}},"fnMap":{"0":{"name":"JobBoard","decl":{"start":{"line":18,"column":24},"end":{"line":18,"column":32}},"loc":{"start":{"line":18,"column":32},"end":{"line":72,"column":1}}},"1":{"name":"(anonymous_1)","decl":{"start":{"line":28,"column":26},"end":{"line":28,"column":27}},"loc":{"start":{"line":28,"column":50},"end":{"line":41,"column":3}}},"2":{"name":"(anonymous_2)","decl":{"start":{"line":43,"column":53},"end":{"line":43,"column":54}},"loc":{"start":{"line":43,"column":62},"end":{"line":43,"column":90}}},"3":{"name":"(anonymous_3)","decl":{"start":{"line":59,"column":20},"end":{"line":59,"column":21}},"loc":{"start":{"line":59,"column":27},"end":{"line":59,"column":61}}},"4":{"name":"(anonymous_4)","decl":{"start":{"line":62,"column":26},"end":{"line":62,"column":27}},"loc":{"start":{"line":63,"column":10},"end":{"line":63,"column":32}}}},"branchMap":{"0":{"loc":{"start":{"line":43,"column":23},"end":{"line":43,"column":98}},"type":"cond-expr","locations":[{"start":{"line":43,"column":41},"end":{"line":43,"column":91}},{"start":{"line":43,"column":94},"end":{"line":43,"column":98}}]}},"s":{"0":1,"1":1,"2":1,"3":1,"4":1,"5":1,"6":6,"7":6,"8":6,"9":1,"10":1,"11":1,"12":6,"13":0,"14":6,"15":6,"16":0,"17":13},"f":{"0":6,"1":1,"2":0,"3":0,"4":13},"b":{"0":[0,6]}}
,"/Users/jpjuliao/Codes/job-board-react/src/components/JobCard.tsx": {"path":"/Users/jpjuliao/Codes/job-board-react/src/components/JobCard.tsx","statementMap":{"0":{"start":{"line":13,"column":0},"end":{"line":13,"column":24}},"1":{"start":{"line":2,"column":0},"end":{"line":2,"column":33}},"2":{"start":{"line":3,"column":0},"end":{"line":3,"column":43}},"3":{"start":{"line":4,"column":0},"end":{"line":4,"column":35}},"4":{"start":{"line":14,"column":2},"end":{"line":25,"column":null}}},"fnMap":{"0":{"name":"JobCard","decl":{"start":{"line":13,"column":24},"end":{"line":13,"column":31}},"loc":{"start":{"line":13,"column":53},"end":{"line":26,"column":1}}}},"branchMap":{},"s":{"0":1,"1":1,"2":1,"3":1,"4":13},"f":{"0":13},"b":{}}
,"/Users/jpjuliao/Codes/job-board-react/src/components/JobCardDialog.tsx": {"path":"/Users/jpjuliao/Codes/job-board-react/src/components/JobCardDialog.tsx","statementMap":{"0":{"start":{"line":26,"column":0},"end":{"line":26,"column":24}},"1":{"start":{"line":2,"column":0},"end":{"line":2,"column":48}},"2":{"start":{"line":3,"column":0},"end":{"line":3,"column":44}},"3":{"start":{"line":4,"column":0},"end":{"line":4,"column":52}},"4":{"start":{"line":6,"column":0},"end":{"line":6,"column":35}},"5":{"start":{"line":7,"column":0},"end":{"line":7,"column":31}},"6":{"start":{"line":27,"column":36},"end":{"line":27,"column":51}},"7":{"start":{"line":28,"column":28},"end":{"line":28,"column":70}},"8":{"start":{"line":30,"column":19},"end":{"line":42,"column":3}},"9":{"start":{"line":37,"column":20},"end":{"line":37,"column":47}},"10":{"start":{"line":38,"column":4},"end":{"line":38,"column":44}},"11":{"start":{"line":39,"column":24},"end":{"line":39,"column":75}},"12":{"start":{"line":39,"column":41},"end":{"line":39,"column":73}},"13":{"start":{"line":40,"column":4},"end":{"line":40,"column":25}},"14":{"start":{"line":41,"column":4},"end":{"line":41,"column":24}},"15":{"start":{"line":44,"column":2},"end":{"line":69,"column":null}},"16":{"start":{"line":62,"column":35},"end":{"line":62,"column":53}}},"fnMap":{"0":{"name":"JobCardDialog","decl":{"start":{"line":26,"column":24},"end":{"line":26,"column":37}},"loc":{"start":{"line":26,"column":59},"end":{"line":70,"column":1}}},"1":{"name":"(anonymous_1)","decl":{"start":{"line":30,"column":19},"end":{"line":30,"column":20}},"loc":{"start":{"line":36,"column":7},"end":{"line":42,"column":3}}},"2":{"name":"(anonymous_2)","decl":{"start":{"line":39,"column":33},"end":{"line":39,"column":34}},"loc":{"start":{"line":39,"column":41},"end":{"line":39,"column":73}}},"3":{"name":"(anonymous_3)","decl":{"start":{"line":62,"column":29},"end":{"line":62,"column":32}},"loc":{"start":{"line":62,"column":35},"end":{"line":62,"column":53}}}},"branchMap":{"0":{"loc":{"start":{"line":39,"column":41},"end":{"line":39,"column":73}},"type":"cond-expr","locations":[{"start":{"line":39,"column":59},"end":{"line":39,"column":69}},{"start":{"line":39,"column":72},"end":{"line":39,"column":73}}]},"1":{"loc":{"start":{"line":48,"column":9},"end":{"line":65,"column":null}},"type":"cond-expr","locations":[{"start":{"line":49,"column":10},"end":{"line":58,"column":26}},{"start":{"line":60,"column":10},"end":{"line":64,"column":null}}]}},"s":{"0":1,"1":1,"2":1,"3":1,"4":1,"5":1,"6":13,"7":13,"8":13,"9":0,"10":0,"11":0,"12":0,"13":0,"14":0,"15":13,"16":0},"f":{"0":13,"1":0,"2":0,"3":0},"b":{"0":[0,0],"1":[0,13]}}
,"/Users/jpjuliao/Codes/job-board-react/src/components/JobDetail.tsx": {"path":"/Users/jpjuliao/Codes/job-board-react/src/components/JobDetail.tsx","statementMap":{"0":{"start":{"line":18,"column":44},"end":{"line":28,"column":1}},"1":{"start":{"line":19,"column":2},"end":{"line":27,"column":4}},"2":{"start":{"line":30,"column":0},"end":{"line":30,"column":25}}},"fnMap":{"0":{"name":"(anonymous_0)","decl":{"start":{"line":18,"column":44},"end":{"line":18,"column":45}},"loc":{"start":{"line":18,"column":56},"end":{"line":28,"column":1}}}},"branchMap":{},"s":{"0":1,"1":13,"2":1},"f":{"0":13},"b":{}}
,"/Users/jpjuliao/Codes/job-board-react/src/components/JobFilter.tsx": {"path":"/Users/jpjuliao/Codes/job-board-react/src/components/JobFilter.tsx","statementMap":{"0":{"start":{"line":16,"column":44},"end":{"line":26,"column":1}},"1":{"start":{"line":17,"column":2},"end":{"line":25,"column":4}},"2":{"start":{"line":20,"column":8},"end":{"line":20,"column":35}},"3":{"start":{"line":28,"column":0},"end":{"line":28,"column":25}}},"fnMap":{"0":{"name":"(anonymous_0)","decl":{"start":{"line":16,"column":44},"end":{"line":16,"column":45}},"loc":{"start":{"line":16,"column":77},"end":{"line":26,"column":1}}},"1":{"name":"(anonymous_1)","decl":{"start":{"line":19,"column":19},"end":{"line":19,"column":20}},"loc":{"start":{"line":20,"column":8},"end":{"line":20,"column":35}}}},"branchMap":{"0":{"loc":{"start":{"line":18,"column":19},"end":{"line":18,"column":30}},"type":"binary-expr","locations":[{"start":{"line":18,"column":19},"end":{"line":18,"column":24}},{"start":{"line":18,"column":28},"end":{"line":18,"column":30}}]}},"s":{"0":1,"1":6,"2":30,"3":1},"f":{"0":6,"1":30},"b":{"0":[6,6]}}
,"/Users/jpjuliao/Codes/job-board-react/src/components/JobForm.tsx": {"path":"/Users/jpjuliao/Codes/job-board-react/src/components/JobForm.tsx","statementMap":{"0":{"start":{"line":15,"column":0},"end":{"line":15,"column":24}},"1":{"start":{"line":1,"column":0},"end":{"line":1,"column":42}},"2":{"start":{"line":2,"column":0},"end":{"line":2,"column":54}},"3":{"start":{"line":3,"column":0},"end":{"line":3,"column":64}},"4":{"start":{"line":20,"column":6},"end":{"line":23,"column":4}},"5":{"start":{"line":25,"column":2},"end":{"line":90,"column":4}}},"fnMap":{"0":{"name":"JobForm","decl":{"start":{"line":15,"column":24},"end":{"line":15,"column":31}},"loc":{"start":{"line":15,"column":95},"end":{"line":91,"column":1}}}},"branchMap":{"0":{"loc":{"start":{"line":15,"column":34},"end":{"line":15,"column":52}},"type":"default-arg","locations":[{"start":{"line":15,"column":50},"end":{"line":15,"column":52}}]},"1":{"loc":{"start":{"line":15,"column":64},"end":{"line":15,"column":79}},"type":"default-arg","locations":[{"start":{"line":15,"column":71},"end":{"line":15,"column":79}}]},"2":{"loc":{"start":{"line":35,"column":9},"end":{"line":35,"column":79}},"type":"binary-expr","locations":[{"start":{"line":35,"column":9},"end":{"line":35,"column":21}},{"start":{"line":35,"column":25},"end":{"line":35,"column":79}}]},"3":{"loc":{"start":{"line":46,"column":9},"end":{"line":46,"column":83}},"type":"binary-expr","locations":[{"start":{"line":46,"column":9},"end":{"line":46,"column":23}},{"start":{"line":46,"column":27},"end":{"line":46,"column":83}}]},"4":{"loc":{"start":{"line":57,"column":9},"end":{"line":57,"column":85}},"type":"binary-expr","locations":[{"start":{"line":57,"column":9},"end":{"line":57,"column":24}},{"start":{"line":57,"column":28},"end":{"line":57,"column":85}}]},"5":{"loc":{"start":{"line":69,"column":9},"end":{"line":69,"column":77}},"type":"binary-expr","locations":[{"start":{"line":69,"column":9},"end":{"line":69,"column":20}},{"start":{"line":69,"column":24},"end":{"line":69,"column":77}}]},"6":{"loc":{"start":{"line":87,"column":9},"end":{"line":87,"column":56}},"type":"cond-expr","locations":[{"start":{"line":87,"column":29},"end":{"line":87,"column":41}},{"start":{"line":87,"column":44},"end":{"line":87,"column":56}}]}},"s":{"0":1,"1":1,"2":1,"3":1,"4":7,"5":7},"f":{"0":7},"b":{"0":[7],"1":[7],"2":[7,0],"3":[7,0],"4":[7,0],"5":[7,0],"6":[7,0]}}
,"/Users/jpjuliao/Codes/job-board-react/src/context/JobsContext.tsx": {"path":"/Users/jpjuliao/Codes/job-board-react/src/context/JobsContext.tsx","statementMap":{"0":{"start":{"line":1,"column":0},"end":{"line":1,"column":48}},"1":{"start":{"line":2,"column":0},"end":{"line":2,"column":37}},"2":{"start":{"line":6,"column":20},"end":{"line":6,"column":63}},"3":{"start":{"line":31,"column":23},"end":{"line":31,"column":34}},"4":{"start":{"line":21,"column":49},"end":{"line":29,"column":1}},"5":{"start":{"line":22,"column":26},"end":{"line":22,"column":47}},"6":{"start":{"line":24,"column":2},"end":{"line":28,"column":4}},"7":{"start":{"line":31,"column":9},"end":{"line":31,"column":21}}},"fnMap":{"0":{"name":"(anonymous_0)","decl":{"start":{"line":21,"column":49},"end":{"line":21,"column":50}},"loc":{"start":{"line":21,"column":66},"end":{"line":29,"column":1}}}},"branchMap":{},"s":{"0":1,"1":1,"2":1,"3":1,"4":1,"5":6,"6":6,"7":1},"f":{"0":6},"b":{}}
,"/Users/jpjuliao/Codes/job-board-react/src/mocks/jobs.ts": {"path":"/Users/jpjuliao/Codes/job-board-react/src/mocks/jobs.ts","statementMap":{"0":{"start":{"line":1,"column":13},"end":{"line":18,"column":null}}},"fnMap":{},"branchMap":{},"s":{"0":1},"f":{},"b":{}}
,"/Users/jpjuliao/Codes/job-board-react/src/schemas/jobSchema.ts": {"path":"/Users/jpjuliao/Codes/job-board-react/src/schemas/jobSchema.ts","statementMap":{"0":{"start":{"line":1,"column":0},"end":{"line":1,"column":24}},"1":{"start":{"line":3,"column":13},"end":{"line":9,"column":3}}},"fnMap":{},"branchMap":{},"s":{"0":1,"1":1},"f":{},"b":{}}
}
