{"/Users/jpjuliao/Codes/job-board-react/src/components/JobBoard.tsx": {"path":"/Users/jpjuliao/Codes/job-board-react/src/components/JobBoard.tsx","statementMap":{"0":{"start":{"line":11,"column":0},"end":{"line":11,"column":24}},"1":{"start":{"line":1,"column":0},"end":{"line":1,"column":31}},"2":{"start":{"line":2,"column":0},"end":{"line":2,"column":31}},"3":{"start":{"line":3,"column":0},"end":{"line":3,"column":35}},"4":{"start":{"line":4,"column":0},"end":{"line":4,"column":38}},"5":{"start":{"line":12,"column":91},"end":{"line":12,"column":100}},"6":{"start":{"line":14,"column":2},"end":{"line":28,"column":4}},"7":{"start":{"line":19,"column":25},"end":{"line":19,"column":59}},"8":{"start":{"line":23,"column":8},"end":{"line":23,"column":30}}},"fnMap":{"0":{"name":"JobBoard","decl":{"start":{"line":11,"column":24},"end":{"line":11,"column":32}},"loc":{"start":{"line":11,"column":32},"end":{"line":29,"column":1}}},"1":{"name":"(anonymous_1)","decl":{"start":{"line":19,"column":18},"end":{"line":19,"column":19}},"loc":{"start":{"line":19,"column":25},"end":{"line":19,"column":59}}},"2":{"name":"(anonymous_2)","decl":{"start":{"line":22,"column":24},"end":{"line":22,"column":25}},"loc":{"start":{"line":23,"column":8},"end":{"line":23,"column":30}}}},"branchMap":{},"s":{"0":1,"1":1,"2":1,"3":1,"4":1,"5":6,"6":6,"7":0,"8":13},"f":{"0":6,"1":0,"2":13},"b":{}}
,"/Users/jpjuliao/Codes/job-board-react/src/components/JobCard.tsx": {"path":"/Users/jpjuliao/Codes/job-board-react/src/components/JobCard.tsx","statementMap":{"0":{"start":{"line":13,"column":0},"end":{"line":13,"column":24}},"1":{"start":{"line":2,"column":0},"end":{"line":2,"column":33}},"2":{"start":{"line":3,"column":0},"end":{"line":3,"column":43}},"3":{"start":{"line":4,"column":0},"end":{"line":4,"column":35}},"4":{"start":{"line":14,"column":2},"end":{"line":25,"column":null}}},"fnMap":{"0":{"name":"JobCard","decl":{"start":{"line":13,"column":24},"end":{"line":13,"column":31}},"loc":{"start":{"line":13,"column":53},"end":{"line":26,"column":1}}}},"branchMap":{},"s":{"0":1,"1":1,"2":1,"3":1,"4":13},"f":{"0":13},"b":{}}
,"/Users/jpjuliao/Codes/job-board-react/src/components/JobCardDialog.tsx": {"path":"/Users/jpjuliao/Codes/job-board-react/src/components/JobCardDialog.tsx","statementMap":{"0":{"start":{"line":27,"column":0},"end":{"line":27,"column":24}},"1":{"start":{"line":2,"column":0},"end":{"line":2,"column":48}},"2":{"start":{"line":3,"column":0},"end":{"line":3,"column":44}},"3":{"start":{"line":4,"column":0},"end":{"line":4,"column":52}},"4":{"start":{"line":6,"column":0},"end":{"line":6,"column":35}},"5":{"start":{"line":7,"column":0},"end":{"line":7,"column":31}},"6":{"start":{"line":28,"column":36},"end":{"line":28,"column":51}},"7":{"start":{"line":29,"column":28},"end":{"line":29,"column":70}},"8":{"start":{"line":31,"column":19},"end":{"line":37,"column":3}},"9":{"start":{"line":32,"column":20},"end":{"line":32,"column":47}},"10":{"start":{"line":33,"column":4},"end":{"line":33,"column":44}},"11":{"start":{"line":34,"column":24},"end":{"line":34,"column":75}},"12":{"start":{"line":34,"column":41},"end":{"line":34,"column":73}},"13":{"start":{"line":35,"column":4},"end":{"line":35,"column":25}},"14":{"start":{"line":36,"column":4},"end":{"line":36,"column":24}},"15":{"start":{"line":39,"column":2},"end":{"line":64,"column":null}},"16":{"start":{"line":57,"column":35},"end":{"line":57,"column":53}}},"fnMap":{"0":{"name":"JobCardDialog","decl":{"start":{"line":27,"column":24},"end":{"line":27,"column":37}},"loc":{"start":{"line":27,"column":59},"end":{"line":65,"column":1}}},"1":{"name":"(anonymous_1)","decl":{"start":{"line":31,"column":19},"end":{"line":31,"column":20}},"loc":{"start":{"line":31,"column":33},"end":{"line":37,"column":3}}},"2":{"name":"(anonymous_2)","decl":{"start":{"line":34,"column":33},"end":{"line":34,"column":34}},"loc":{"start":{"line":34,"column":41},"end":{"line":34,"column":73}}},"3":{"name":"(anonymous_3)","decl":{"start":{"line":57,"column":29},"end":{"line":57,"column":32}},"loc":{"start":{"line":57,"column":35},"end":{"line":57,"column":53}}}},"branchMap":{"0":{"loc":{"start":{"line":34,"column":41},"end":{"line":34,"column":73}},"type":"cond-expr","locations":[{"start":{"line":34,"column":59},"end":{"line":34,"column":69}},{"start":{"line":34,"column":72},"end":{"line":34,"column":73}}]},"1":{"loc":{"start":{"line":43,"column":9},"end":{"line":60,"column":null}},"type":"cond-expr","locations":[{"start":{"line":44,"column":10},"end":{"line":53,"column":26}},{"start":{"line":55,"column":10},"end":{"line":59,"column":null}}]}},"s":{"0":1,"1":1,"2":1,"3":1,"4":1,"5":1,"6":13,"7":13,"8":13,"9":0,"10":0,"11":0,"12":0,"13":0,"14":0,"15":13,"16":0},"f":{"0":13,"1":0,"2":0,"3":0},"b":{"0":[0,0],"1":[0,13]}}
,"/Users/jpjuliao/Codes/job-board-react/src/components/JobDetail.tsx": {"path":"/Users/jpjuliao/Codes/job-board-react/src/components/JobDetail.tsx","statementMap":{"0":{"start":{"line":18,"column":44},"end":{"line":28,"column":1}},"1":{"start":{"line":19,"column":2},"end":{"line":27,"column":4}},"2":{"start":{"line":30,"column":0},"end":{"line":30,"column":25}}},"fnMap":{"0":{"name":"(anonymous_0)","decl":{"start":{"line":18,"column":44},"end":{"line":18,"column":45}},"loc":{"start":{"line":18,"column":56},"end":{"line":28,"column":1}}}},"branchMap":{},"s":{"0":1,"1":13,"2":1},"f":{"0":13},"b":{}}
,"/Users/jpjuliao/Codes/job-board-react/src/components/JobFilter.tsx": {"path":"/Users/jpjuliao/Codes/job-board-react/src/components/JobFilter.tsx","statementMap":{"0":{"start":{"line":16,"column":44},"end":{"line":26,"column":1}},"1":{"start":{"line":17,"column":2},"end":{"line":25,"column":4}},"2":{"start":{"line":20,"column":8},"end":{"line":20,"column":35}},"3":{"start":{"line":28,"column":0},"end":{"line":28,"column":25}}},"fnMap":{"0":{"name":"(anonymous_0)","decl":{"start":{"line":16,"column":44},"end":{"line":16,"column":45}},"loc":{"start":{"line":16,"column":77},"end":{"line":26,"column":1}}},"1":{"name":"(anonymous_1)","decl":{"start":{"line":19,"column":19},"end":{"line":19,"column":20}},"loc":{"start":{"line":20,"column":8},"end":{"line":20,"column":35}}}},"branchMap":{"0":{"loc":{"start":{"line":18,"column":19},"end":{"line":18,"column":30}},"type":"binary-expr","locations":[{"start":{"line":18,"column":19},"end":{"line":18,"column":24}},{"start":{"line":18,"column":28},"end":{"line":18,"column":30}}]}},"s":{"0":1,"1":6,"2":30,"3":1},"f":{"0":6,"1":30},"b":{"0":[6,6]}}
,"/Users/jpjuliao/Codes/job-board-react/src/components/JobForm.tsx": {"path":"/Users/jpjuliao/Codes/job-board-react/src/components/JobForm.tsx","statementMap":{"0":{"start":{"line":16,"column":0},"end":{"line":16,"column":24}},"1":{"start":{"line":1,"column":0},"end":{"line":1,"column":42}},"2":{"start":{"line":2,"column":0},"end":{"line":2,"column":54}},"3":{"start":{"line":3,"column":0},"end":{"line":3,"column":64}},"4":{"start":{"line":5,"column":0},"end":{"line":5,"column":44}},"5":{"start":{"line":21,"column":6},"end":{"line":24,"column":4}},"6":{"start":{"line":26,"column":2},"end":{"line":91,"column":4}}},"fnMap":{"0":{"name":"JobForm","decl":{"start":{"line":16,"column":24},"end":{"line":16,"column":31}},"loc":{"start":{"line":16,"column":95},"end":{"line":92,"column":1}}}},"branchMap":{"0":{"loc":{"start":{"line":16,"column":34},"end":{"line":16,"column":52}},"type":"default-arg","locations":[{"start":{"line":16,"column":50},"end":{"line":16,"column":52}}]},"1":{"loc":{"start":{"line":16,"column":64},"end":{"line":16,"column":79}},"type":"default-arg","locations":[{"start":{"line":16,"column":71},"end":{"line":16,"column":79}}]},"2":{"loc":{"start":{"line":36,"column":9},"end":{"line":36,"column":79}},"type":"binary-expr","locations":[{"start":{"line":36,"column":9},"end":{"line":36,"column":21}},{"start":{"line":36,"column":25},"end":{"line":36,"column":79}}]},"3":{"loc":{"start":{"line":47,"column":9},"end":{"line":47,"column":83}},"type":"binary-expr","locations":[{"start":{"line":47,"column":9},"end":{"line":47,"column":23}},{"start":{"line":47,"column":27},"end":{"line":47,"column":83}}]},"4":{"loc":{"start":{"line":58,"column":9},"end":{"line":58,"column":85}},"type":"binary-expr","locations":[{"start":{"line":58,"column":9},"end":{"line":58,"column":24}},{"start":{"line":58,"column":28},"end":{"line":58,"column":85}}]},"5":{"loc":{"start":{"line":70,"column":9},"end":{"line":70,"column":77}},"type":"binary-expr","locations":[{"start":{"line":70,"column":9},"end":{"line":70,"column":20}},{"start":{"line":70,"column":24},"end":{"line":70,"column":77}}]},"6":{"loc":{"start":{"line":88,"column":9},"end":{"line":88,"column":56}},"type":"cond-expr","locations":[{"start":{"line":88,"column":29},"end":{"line":88,"column":41}},{"start":{"line":88,"column":44},"end":{"line":88,"column":56}}]}},"s":{"0":1,"1":1,"2":1,"3":1,"4":1,"5":7,"6":7},"f":{"0":7},"b":{"0":[7],"1":[7],"2":[7,0],"3":[7,0],"4":[7,0],"5":[7,0],"6":[7,0]}}
,"/Users/jpjuliao/Codes/job-board-react/src/context/JobsContext.tsx": {"path":"/Users/jpjuliao/Codes/job-board-react/src/context/JobsContext.tsx","statementMap":{"0":{"start":{"line":1,"column":0},"end":{"line":1,"column":48}},"1":{"start":{"line":2,"column":0},"end":{"line":2,"column":37}},"2":{"start":{"line":6,"column":20},"end":{"line":6,"column":63}},"3":{"start":{"line":31,"column":23},"end":{"line":31,"column":34}},"4":{"start":{"line":21,"column":49},"end":{"line":29,"column":1}},"5":{"start":{"line":22,"column":26},"end":{"line":22,"column":56}},"6":{"start":{"line":24,"column":2},"end":{"line":28,"column":4}},"7":{"start":{"line":31,"column":9},"end":{"line":31,"column":21}}},"fnMap":{"0":{"name":"(anonymous_0)","decl":{"start":{"line":21,"column":49},"end":{"line":21,"column":50}},"loc":{"start":{"line":21,"column":66},"end":{"line":29,"column":1}}}},"branchMap":{},"s":{"0":1,"1":1,"2":1,"3":1,"4":1,"5":6,"6":6,"7":1},"f":{"0":6},"b":{}}
,"/Users/jpjuliao/Codes/job-board-react/src/enums/jobTypes.ts": {"path":"/Users/jpjuliao/Codes/job-board-react/src/enums/jobTypes.ts","statementMap":{"0":{"start":{"line":1,"column":0},"end":{"line":1,"column":null}},"1":{"start":{"line":2,"column":2},"end":{"line":2,"column":null}},"2":{"start":{"line":3,"column":2},"end":{"line":3,"column":null}},"3":{"start":{"line":4,"column":2},"end":{"line":4,"column":null}},"4":{"start":{"line":5,"column":2},"end":{"line":5,"column":null}}},"fnMap":{"0":{"name":"(anonymous_0)","decl":{"start":{"line":1,"column":0},"end":{"line":1,"column":12}},"loc":{"start":{"line":1,"column":19},"end":{"line":6,"column":1}}}},"branchMap":{"0":{"loc":{"start":{"line":1,"column":12},"end":{"line":1,"column":null}},"type":"binary-expr","locations":[{"start":{"line":1,"column":12},"end":{"line":1,"column":19}},{"start":{"line":1,"column":19},"end":{"line":1,"column":null}}]}},"s":{"0":1,"1":1,"2":1,"3":1,"4":1},"f":{"0":1},"b":{"0":[1,1]}}
,"/Users/jpjuliao/Codes/job-board-react/src/hooks/useJobs.ts": {"path":"/Users/jpjuliao/Codes/job-board-react/src/hooks/useJobs.ts","statementMap":{"0":{"start":{"line":1,"column":0},"end":{"line":1,"column":45}},"1":{"start":{"line":2,"column":0},"end":{"line":2,"column":53}},"2":{"start":{"line":5,"column":0},"end":{"line":5,"column":44}},"3":{"start":{"line":19,"column":16},"end":{"line":56,"column":1}},"4":{"start":{"line":20,"column":28},"end":{"line":20,"column":70}},"5":{"start":{"line":21,"column":48},"end":{"line":21,"column":77}},"6":{"start":{"line":23,"column":23},"end":{"line":23,"column":98}},"7":{"start":{"line":23,"column":62},"end":{"line":23,"column":90}},"8":{"start":{"line":25,"column":19},"end":{"line":31,"column":4}},"9":{"start":{"line":33,"column":26},"end":{"line":46,"column":3}},"10":{"start":{"line":34,"column":4},"end":{"line":34,"column":40}},"11":{"start":{"line":36,"column":24},"end":{"line":43,"column":6}},"12":{"start":{"line":45,"column":4},"end":{"line":45,"column":31}},"13":{"start":{"line":48,"column":2},"end":{"line":55,"column":4}},"14":{"start":{"line":58,"column":0},"end":{"line":58,"column":23}}},"fnMap":{"0":{"name":"(anonymous_0)","decl":{"start":{"line":19,"column":16},"end":{"line":19,"column":19}},"loc":{"start":{"line":19,"column":21},"end":{"line":56,"column":1}}},"1":{"name":"(anonymous_1)","decl":{"start":{"line":23,"column":53},"end":{"line":23,"column":54}},"loc":{"start":{"line":23,"column":62},"end":{"line":23,"column":90}}},"2":{"name":"(anonymous_2)","decl":{"start":{"line":33,"column":26},"end":{"line":33,"column":27}},"loc":{"start":{"line":33,"column":40},"end":{"line":46,"column":3}}}},"branchMap":{"0":{"loc":{"start":{"line":23,"column":23},"end":{"line":23,"column":98}},"type":"cond-expr","locations":[{"start":{"line":23,"column":41},"end":{"line":23,"column":91}},{"start":{"line":23,"column":94},"end":{"line":23,"column":98}}]}},"s":{"0":1,"1":1,"2":1,"3":1,"4":6,"5":6,"6":6,"7":0,"8":6,"9":6,"10":1,"11":1,"12":1,"13":6,"14":1},"f":{"0":6,"1":0,"2":1},"b":{"0":[0,6]}}
,"/Users/jpjuliao/Codes/job-board-react/src/mocks/jobs.ts": {"path":"/Users/jpjuliao/Codes/job-board-react/src/mocks/jobs.ts","statementMap":{"0":{"start":{"line":1,"column":13},"end":{"line":18,"column":null}}},"fnMap":{},"branchMap":{},"s":{"0":1},"f":{},"b":{}}
,"/Users/jpjuliao/Codes/job-board-react/src/schemas/jobSchema.ts": {"path":"/Users/jpjuliao/Codes/job-board-react/src/schemas/jobSchema.ts","statementMap":{"0":{"start":{"line":1,"column":0},"end":{"line":1,"column":24}},"1":{"start":{"line":2,"column":0},"end":{"line":2,"column":44}},"2":{"start":{"line":4,"column":13},"end":{"line":10,"column":3}}},"fnMap":{},"branchMap":{},"s":{"0":1,"1":1,"2":1},"f":{},"b":{}}
}
