TN:
SF:src/components/JobBoard.tsx
FN:17,JobBoard
FN:27,(anonymous_1)
FN:42,(anonymous_2)
FN:48,(anonymous_3)
FN:55,(anonymous_4)
FNF:5
FNH:3
FNDA:6,JobBoard
FNDA:1,(anonymous_1)
FNDA:0,(anonymous_2)
FNDA:0,(anonymous_3)
FNDA:13,(anonymous_4)
DA:2,1
DA:3,1
DA:6,1
DA:7,1
DA:17,1
DA:18,6
DA:20,6
DA:27,6
DA:28,1
DA:30,1
DA:39,1
DA:42,6
DA:44,6
DA:48,0
DA:56,13
LF:15
LH:14
BRDA:42,0,0,0
BRDA:42,0,1,6
BRDA:48,1,0,6
BRDA:48,1,1,6
BRF:4
BRH:3
end_of_record
TN:
SF:src/components/JobCard.tsx
FN:12,JobCard
FNF:1
FNH:1
FNDA:13,JobCard
DA:2,1
DA:3,1
DA:12,1
DA:13,13
LF:4
LH:4
BRF:0
BRH:0
end_of_record
TN:
SF:src/components/JobCardDialog.tsx
FN:8,JobCardDialog
FN:15,(anonymous_1)
FN:17,(anonymous_2)
FN:61,(anonymous_3)
FN:72,(anonymous_4)
FNF:5
FNH:1
FNDA:13,JobCardDialog
FNDA:0,(anonymous_1)
FNDA:0,(anonymous_2)
FNDA:0,(anonymous_3)
FNDA:0,(anonymous_4)
DA:2,1
DA:3,1
DA:4,1
DA:5,1
DA:8,1
DA:9,13
DA:10,13
DA:13,13
DA:15,13
DA:16,0
DA:17,0
DA:18,0
DA:19,0
DA:22,13
DA:61,0
DA:72,0
LF:16
LH:10
BRDA:17,0,0,0
BRDA:17,0,1,0
BRDA:26,1,0,0
BRDA:26,1,1,13
BRDA:31,2,0,0
BRDA:31,2,1,0
BRDA:36,3,0,0
BRDA:36,3,1,0
BRDA:41,4,0,0
BRDA:41,4,1,0
BRDA:51,5,0,0
BRDA:51,5,1,0
BRDA:56,6,0,0
BRDA:56,6,1,0
BRF:14
BRH:1
end_of_record
TN:
SF:src/components/JobForm.tsx
FN:14,JobForm
FNF:1
FNH:1
FNDA:7,JobForm
DA:1,1
DA:2,1
DA:3,1
DA:14,1
DA:19,7
DA:24,7
LF:6
LH:6
BRDA:14,0,0,7
BRDA:33,1,0,7
BRDA:33,1,1,0
BRDA:43,2,0,7
BRDA:43,2,1,0
BRDA:53,3,0,7
BRDA:53,3,1,0
BRDA:65,4,0,7
BRDA:65,4,1,0
BRDA:75,5,0,7
BRDA:75,5,1,0
BRDA:83,6,0,1
BRDA:83,6,1,6
BRF:13
BRH:8
end_of_record
TN:
SF:src/context/JobsContext.tsx
FN:21,(anonymous_0)
FNF:1
FNH:1
FNDA:6,(anonymous_0)
DA:1,1
DA:2,1
DA:6,1
DA:21,1
DA:22,6
DA:24,6
DA:31,1
LF:7
LH:7
BRF:0
BRH:0
end_of_record
TN:
SF:src/mocks/jobs.ts
FNF:0
FNH:0
DA:1,1
LF:1
LH:1
BRF:0
BRH:0
end_of_record
TN:
SF:src/schemas/jobSchema.ts
FNF:0
FNH:0
DA:1,1
DA:3,1
LF:2
LH:2
BRF:0
BRH:0
end_of_record
