TN:
SF:src/components/JobBoard.tsx
FN:11,JobBoard
FN:27,(anonymous_1)
FN:30,(anonymous_2)
FNF:3
FNH:2
FNDA:6,JobBoard
FNDA:0,(anonymous_1)
FNDA:13,(anonymous_2)
DA:1,1
DA:2,1
DA:3,1
DA:4,1
DA:11,1
DA:12,6
DA:14,6
DA:22,6
DA:27,0
DA:31,13
LF:10
LH:9
BRF:0
BRH:0
end_of_record
TN:
SF:src/components/JobCard.tsx
FN:13,JobCard
FNF:1
FNH:1
FNDA:13,JobCard
DA:2,1
DA:3,1
DA:4,1
DA:13,1
DA:14,13
LF:5
LH:5
BRF:0
BRH:0
end_of_record
TN:
SF:src/components/JobCardDialog.tsx
FN:27,JobCardDialog
FN:31,(anonymous_1)
FN:40,(anonymous_2)
FN:63,(anonymous_3)
FNF:4
FNH:1
FNDA:13,JobCardDialog
FNDA:0,(anonymous_1)
FNDA:0,(anonymous_2)
FNDA:0,(anonymous_3)
DA:2,1
DA:3,1
DA:4,1
DA:6,1
DA:7,1
DA:27,1
DA:28,13
DA:29,13
DA:31,13
DA:38,0
DA:39,0
DA:40,0
DA:41,0
DA:42,0
DA:45,13
DA:63,0
LF:16
LH:10
BRDA:40,0,0,0
BRDA:40,0,1,0
BRDA:49,1,0,0
BRDA:49,1,1,13
BRF:4
BRH:1
end_of_record
TN:
SF:src/components/JobDetail.tsx
FN:18,(anonymous_0)
FNF:1
FNH:1
FNDA:13,(anonymous_0)
DA:18,1
DA:19,13
DA:30,1
LF:3
LH:3
BRF:0
BRH:0
end_of_record
TN:
SF:src/components/JobFilter.tsx
FN:16,(anonymous_0)
FN:19,(anonymous_1)
FNF:2
FNH:2
FNDA:6,(anonymous_0)
FNDA:30,(anonymous_1)
DA:16,1
DA:17,6
DA:20,30
DA:28,1
LF:4
LH:4
BRDA:18,0,0,6
BRDA:18,0,1,6
BRF:2
BRH:2
end_of_record
TN:
SF:src/components/JobForm.tsx
FN:15,JobForm
FNF:1
FNH:1
FNDA:7,JobForm
DA:1,1
DA:2,1
DA:3,1
DA:15,1
DA:20,7
DA:25,7
LF:6
LH:6
BRDA:15,0,0,7
BRDA:15,1,0,7
BRDA:35,2,0,7
BRDA:35,2,1,0
BRDA:46,3,0,7
BRDA:46,3,1,0
BRDA:57,4,0,7
BRDA:57,4,1,0
BRDA:69,5,0,7
BRDA:69,5,1,0
BRDA:87,6,0,7
BRDA:87,6,1,0
BRF:12
BRH:7
end_of_record
TN:
SF:src/context/JobsContext.tsx
FN:21,(anonymous_0)
FNF:1
FNH:1
FNDA:6,(anonymous_0)
DA:1,1
DA:2,1
DA:6,1
DA:21,1
DA:22,6
DA:24,6
DA:31,1
LF:7
LH:7
BRF:0
BRH:0
end_of_record
TN:
SF:src/hooks/useJobs.ts
FN:18,(anonymous_0)
FN:22,(anonymous_1)
FN:24,(anonymous_2)
FNF:3
FNH:2
FNDA:6,(anonymous_0)
FNDA:0,(anonymous_1)
FNDA:1,(anonymous_2)
DA:1,1
DA:2,1
DA:18,1
DA:19,6
DA:20,6
DA:22,6
DA:24,6
DA:31,1
DA:33,1
DA:42,1
DA:45,6
DA:54,1
LF:12
LH:12
BRDA:22,0,0,0
BRDA:22,0,1,6
BRF:2
BRH:1
end_of_record
TN:
SF:src/mocks/jobs.ts
FNF:0
FNH:0
DA:1,1
LF:1
LH:1
BRF:0
BRH:0
end_of_record
TN:
SF:src/schemas/jobSchema.ts
FNF:0
FNH:0
DA:1,1
DA:3,1
LF:2
LH:2
BRF:0
BRH:0
end_of_record
